<?xml version="1.0" encoding="UTF-8"?>
<!-- Generated by org.testng.reporters.JUnitXMLReporter -->
<testsuite hostname="seshu-PC" ignored="0" name="Test" tests="4" failures="0" timestamp="16 Aug 2020 10:49:55 GMT" time="0.053" errors="0">
  <testcase name="BrowserAutomation" time="0.012" classname="SampleMaven.SeleniumTest"/>
  <testcase name="elementsUi" time="0.0" classname="SampleMaven.SeleniumTest"/>
  <testcase name="IOSApps" time="0.0" classname="SampleMaven.AppiumTest"/>
  <testcase name="NativeAPpAndroid" time="0.001" classname="SampleMaven.AppiumTest"/>
</testsuite> <!-- Test -->
