<?xml version="1.0" encoding="UTF-8"?>
<testng-results skipped="0" failed="0" ignored="0" total="4" passed="4">
  <reporter-output>
  </reporter-output>
  <suite name="Suite" duration-ms="53" started-at="2020-08-16T10:49:55Z" finished-at="2020-08-16T10:49:55Z">
    <groups>
    </groups>
    <test name="Test" duration-ms="53" started-at="2020-08-16T10:49:55Z" finished-at="2020-08-16T10:49:55Z">
      <class name="SampleMaven.AppiumTest">
        <test-method status="PASS" signature="IOSApps()[pri:0, instance:SampleMaven.AppiumTest@193948d]" name="IOSApps" duration-ms="0" started-at="2020-08-16T16:19:55Z" finished-at="2020-08-16T16:19:55Z">
          <reporter-output>
          </reporter-output>
        </test-method> <!-- IOSApps -->
        <test-method status="PASS" signature="NativeAPpAndroid()[pri:0, instance:SampleMaven.AppiumTest@193948d]" name="NativeAPpAndroid" duration-ms="1" started-at="2020-08-16T16:19:55Z" finished-at="2020-08-16T16:19:55Z">
          <reporter-output>
          </reporter-output>
        </test-method> <!-- NativeAPpAndroid -->
      </class> <!-- SampleMaven.AppiumTest -->
      <class name="SampleMaven.SeleniumTest">
        <test-method status="PASS" signature="BrowserAutomation()[pri:0, instance:SampleMaven.SeleniumTest@15d3402]" name="BrowserAutomation" duration-ms="12" started-at="2020-08-16T16:19:55Z" finished-at="2020-08-16T16:19:55Z">
          <reporter-output>
          </reporter-output>
        </test-method> <!-- BrowserAutomation -->
        <test-method status="PASS" signature="elementsUi()[pri:0, instance:SampleMaven.SeleniumTest@15d3402]" name="elementsUi" duration-ms="0" started-at="2020-08-16T16:19:55Z" finished-at="2020-08-16T16:19:55Z">
          <reporter-output>
          </reporter-output>
        </test-method> <!-- elementsUi -->
      </class> <!-- SampleMaven.SeleniumTest -->
    </test> <!-- Test -->
  </suite> <!-- Suite -->
</testng-results>
